<?xml version="1.0" encoding="UTF-8"?>
<!-- Generated by org.testng.reporters.JUnitReportReporter -->
<testsuite hostname="Dishant" failures="0" tests="1" name="com.smscustomerflow.testcases.TestCustomerFlow" time="9.085" errors="0" timestamp="04 Feb 2024 18:43:57 GMT" skipped="0">
  <testcase classname="com.smscustomerflow.testcases.TestCustomerFlow" name="testLoginAndCustomerFlow" time="9.085"/>
</testsuite> <!-- com.smscustomerflow.testcases.TestCustomerFlow -->
